<?xml version="1.0" encoding="UTF-8"?>
<testng-results skipped="0" failed="0" ignored="0" total="1" passed="1">
  <reporter-output>
  </reporter-output>
  <suite name="Default suite" duration-ms="8539" started-at="2021-11-19T15:07:54Z" finished-at="2021-11-19T15:08:02Z">
    <groups>
    </groups>
    <test name="Default test" duration-ms="8539" started-at="2021-11-19T15:07:54Z" finished-at="2021-11-19T15:08:02Z">
      <class name="TestCases.TC_Login">
        <test-method status="PASS" signature="setup()[pri:0, instance:TestCases.TC_Login@6e0dec4a]" name="setup" is-config="true" duration-ms="6180" started-at="2021-11-19T15:07:54Z" finished-at="2021-11-19T15:08:00Z">
          <reporter-output>
          </reporter-output>
        </test-method> <!-- setup -->
        <test-method status="PASS" signature="loginTest()[pri:0, instance:TestCases.TC_Login@6e0dec4a]" name="loginTest" duration-ms="2262" started-at="2021-11-19T15:08:00Z" finished-at="2021-11-19T15:08:02Z">
          <reporter-output>
          </reporter-output>
        </test-method> <!-- loginTest -->
        <test-method status="PASS" signature="tearDown()[pri:0, instance:TestCases.TC_Login@6e0dec4a]" name="tearDown" is-config="true" duration-ms="76" started-at="2021-11-19T15:08:02Z" finished-at="2021-11-19T15:08:02Z">
          <reporter-output>
          </reporter-output>
        </test-method> <!-- tearDown -->
      </class> <!-- TestCases.TC_Login -->
    </test> <!-- Default test -->
  </suite> <!-- Default suite -->
</testng-results>
